This file contains any messages produced by compilers while
running configure, to aid debugging if configure makes a mistake.

It was created by palletAndTruckViewer configure 3.0, which was
generated by GNU Autoconf 2.69.  Invocation command line was

  $ ./configure 

## --------- ##
## Platform. ##
## --------- ##

hostname = ryan-mint
uname -m = x86_64
uname -r = 3.5.0-17-generic
uname -s = Linux
uname -v = #28-Ubuntu SMP Tue Oct 9 19:31:23 UTC 2012

/usr/bin/uname -p = unknown
/bin/uname -X     = unknown

/bin/arch              = unknown
/usr/bin/arch -k       = unknown
/usr/convex/getsysinfo = unknown
/usr/bin/hostinfo      = unknown
/bin/machine           = unknown
/usr/bin/oslevel       = unknown
/bin/universe          = unknown

PATH: /usr/local/sbin
PATH: /usr/local/bin
PATH: /usr/sbin
PATH: /usr/bin
PATH: /sbin
PATH: /bin
PATH: /usr/games
PATH: /usr/local/games


## ----------- ##
## Core tests. ##
## ----------- ##

configure:2400: checking for a BSD-compatible install
configure:2468: result: /usr/bin/install -c
configure:2479: checking whether build environment is sane
configure:2529: result: yes
configure:2670: checking for a thread-safe mkdir -p
configure:2709: result: /bin/mkdir -p
configure:2722: checking for gawk
configure:2738: found /usr/bin/gawk
configure:2749: result: gawk
configure:2760: checking whether make sets $(MAKE)
configure:2782: result: yes
configure:2924: checking for g++
configure:2940: found /usr/bin/g++
configure:2951: result: g++
configure:2978: checking for C++ compiler version
configure:2987: g++ --version >&5
g++ (Ubuntu/Linaro 4.7.2-2ubuntu1) 4.7.2
Copyright (C) 2012 Free Software Foundation, Inc.
This is free software; see the source for copying conditions.  There is NO
warranty; not even for MERCHANTABILITY or FITNESS FOR A PARTICULAR PURPOSE.

configure:2998: $? = 0
configure:2987: g++ -v >&5
Using built-in specs.
COLLECT_GCC=g++
COLLECT_LTO_WRAPPER=/usr/lib/gcc/x86_64-linux-gnu/4.7/lto-wrapper
Target: x86_64-linux-gnu
Configured with: ../src/configure -v --with-pkgversion='Ubuntu/Linaro 4.7.2-2ubuntu1' --with-bugurl=file:///usr/share/doc/gcc-4.7/README.Bugs --enable-languages=c,c++,go,fortran,objc,obj-c++ --prefix=/usr --program-suffix=-4.7 --enable-shared --enable-linker-build-id --with-system-zlib --libexecdir=/usr/lib --without-included-gettext --enable-threads=posix --with-gxx-include-dir=/usr/include/c++/4.7 --libdir=/usr/lib --enable-nls --with-sysroot=/ --enable-clocale=gnu --enable-libstdcxx-debug --enable-libstdcxx-time=yes --enable-gnu-unique-object --enable-plugin --enable-objc-gc --disable-werror --with-arch-32=i686 --with-tune=generic --enable-checking=release --build=x86_64-linux-gnu --host=x86_64-linux-gnu --target=x86_64-linux-gnu
Thread model: posix
gcc version 4.7.2 (Ubuntu/Linaro 4.7.2-2ubuntu1) 
configure:2998: $? = 0
configure:2987: g++ -V >&5
g++: error: unrecognized command line option '-V'
g++: fatal error: no input files
compilation terminated.
configure:2998: $? = 4
configure:2987: g++ -qversion >&5
g++: error: unrecognized command line option '-qversion'
g++: fatal error: no input files
compilation terminated.
configure:2998: $? = 4
configure:3018: checking whether the C++ compiler works
configure:3040: g++    conftest.cpp  >&5
configure:3044: $? = 0
configure:3092: result: yes
configure:3095: checking for C++ compiler default output file name
configure:3097: result: a.out
configure:3103: checking for suffix of executables
configure:3110: g++ -o conftest    conftest.cpp  >&5
configure:3114: $? = 0
configure:3136: result: 
configure:3158: checking whether we are cross compiling
configure:3166: g++ -o conftest    conftest.cpp  >&5
configure:3170: $? = 0
configure:3177: ./conftest
configure:3181: $? = 0
configure:3196: result: no
configure:3201: checking for suffix of object files
configure:3223: g++ -c   conftest.cpp >&5
configure:3227: $? = 0
configure:3248: result: o
configure:3252: checking whether we are using the GNU C++ compiler
configure:3271: g++ -c   conftest.cpp >&5
configure:3271: $? = 0
configure:3280: result: yes
configure:3289: checking whether g++ accepts -g
configure:3309: g++ -c -g  conftest.cpp >&5
configure:3309: $? = 0
configure:3350: result: yes
configure:3384: checking for style of include used by make
configure:3412: result: GNU
configure:3438: checking dependency style of g++
configure:3549: result: gcc3
configure:3594: checking build system type
configure:3608: result: x86_64-unknown-linux-gnu
configure:3628: checking host system type
configure:3641: result: x86_64-unknown-linux-gnu
configure:3682: checking how to print strings
configure:3709: result: printf
configure:3778: checking for gcc
configure:3794: found /usr/bin/gcc
configure:3805: result: gcc
configure:4034: checking for C compiler version
configure:4043: gcc --version >&5
gcc (Ubuntu/Linaro 4.7.2-2ubuntu1) 4.7.2
Copyright (C) 2012 Free Software Foundation, Inc.
This is free software; see the source for copying conditions.  There is NO
warranty; not even for MERCHANTABILITY or FITNESS FOR A PARTICULAR PURPOSE.

configure:4054: $? = 0
configure:4043: gcc -v >&5
Using built-in specs.
COLLECT_GCC=gcc
COLLECT_LTO_WRAPPER=/usr/lib/gcc/x86_64-linux-gnu/4.7/lto-wrapper
Target: x86_64-linux-gnu
Configured with: ../src/configure -v --with-pkgversion='Ubuntu/Linaro 4.7.2-2ubuntu1' --with-bugurl=file:///usr/share/doc/gcc-4.7/README.Bugs --enable-languages=c,c++,go,fortran,objc,obj-c++ --prefix=/usr --program-suffix=-4.7 --enable-shared --enable-linker-build-id --with-system-zlib --libexecdir=/usr/lib --without-included-gettext --enable-threads=posix --with-gxx-include-dir=/usr/include/c++/4.7 --libdir=/usr/lib --enable-nls --with-sysroot=/ --enable-clocale=gnu --enable-libstdcxx-debug --enable-libstdcxx-time=yes --enable-gnu-unique-object --enable-plugin --enable-objc-gc --disable-werror --with-arch-32=i686 --with-tune=generic --enable-checking=release --build=x86_64-linux-gnu --host=x86_64-linux-gnu --target=x86_64-linux-gnu
Thread model: posix
gcc version 4.7.2 (Ubuntu/Linaro 4.7.2-2ubuntu1) 
configure:4054: $? = 0
configure:4043: gcc -V >&5
gcc: error: unrecognized command line option '-V'
gcc: fatal error: no input files
compilation terminated.
configure:4054: $? = 4
configure:4043: gcc -qversion >&5
gcc: error: unrecognized command line option '-qversion'
gcc: fatal error: no input files
compilation terminated.
configure:4054: $? = 4
configure:4058: checking whether we are using the GNU C compiler
configure:4077: gcc -c   conftest.c >&5
configure:4077: $? = 0
configure:4086: result: yes
configure:4095: checking whether gcc accepts -g
configure:4115: gcc -c -g  conftest.c >&5
configure:4115: $? = 0
configure:4156: result: yes
configure:4173: checking for gcc option to accept ISO C89
configure:4236: gcc  -c -g -O2  conftest.c >&5
configure:4236: $? = 0
configure:4249: result: none needed
configure:4271: checking dependency style of gcc
configure:4382: result: gcc3
configure:4397: checking for a sed that does not truncate output
configure:4461: result: /bin/sed
configure:4479: checking for grep that handles long lines and -e
configure:4537: result: /bin/grep
configure:4542: checking for egrep
configure:4604: result: /bin/grep -E
configure:4609: checking for fgrep
configure:4671: result: /bin/grep -F
configure:4706: checking for ld used by gcc
configure:4773: result: /usr/bin/ld
configure:4780: checking if the linker (/usr/bin/ld) is GNU ld
configure:4795: result: yes
configure:4807: checking for BSD- or MS-compatible name lister (nm)
configure:4856: result: /usr/bin/nm -B
configure:4986: checking the name lister (/usr/bin/nm -B) interface
configure:4993: gcc -c -g -O2  conftest.c >&5
configure:4996: /usr/bin/nm -B "conftest.o"
configure:4999: output
0000000000000000 B some_variable
configure:5006: result: BSD nm
configure:5009: checking whether ln -s works
configure:5013: result: yes
configure:5021: checking the maximum length of command line arguments
configure:5151: result: 1572864
configure:5168: checking whether the shell understands some XSI constructs
configure:5178: result: yes
configure:5182: checking whether the shell understands "+="
configure:5188: result: yes
configure:5223: checking how to convert x86_64-unknown-linux-gnu file names to x86_64-unknown-linux-gnu format
configure:5263: result: func_convert_file_noop
configure:5270: checking how to convert x86_64-unknown-linux-gnu file names to toolchain format
configure:5290: result: func_convert_file_noop
configure:5297: checking for /usr/bin/ld option to reload object files
configure:5304: result: -r
configure:5378: checking for objdump
configure:5394: found /usr/bin/objdump
configure:5405: result: objdump
configure:5437: checking how to recognize dependent libraries
configure:5639: result: pass_all
configure:5724: checking for dlltool
configure:5754: result: no
configure:5784: checking how to associate runtime and link libraries
configure:5811: result: printf %s\n
configure:5872: checking for ar
configure:5888: found /usr/bin/ar
configure:5899: result: ar
configure:5936: checking for archiver @FILE support
configure:5953: gcc -c -g -O2  conftest.c >&5
configure:5953: $? = 0
configure:5956: ar cru libconftest.a @conftest.lst >&5
configure:5959: $? = 0
configure:5964: ar cru libconftest.a @conftest.lst >&5
ar: conftest.o: No such file or directory
configure:5967: $? = 1
configure:5979: result: @
configure:6037: checking for strip
configure:6053: found /usr/bin/strip
configure:6064: result: strip
configure:6136: checking for ranlib
configure:6152: found /usr/bin/ranlib
configure:6163: result: ranlib
configure:6265: checking command to parse /usr/bin/nm -B output from gcc object
configure:6385: gcc -c -g -O2  conftest.c >&5
configure:6388: $? = 0
configure:6392: /usr/bin/nm -B conftest.o \| sed -n -e 's/^.*[ ]\([ABCDGIRSTW][ABCDGIRSTW]*\)[ ][ ]*\([_A-Za-z][_A-Za-z0-9]*\)$/\1 \2 \2/p' | sed '/ __gnu_lto/d' \> conftest.nm
configure:6395: $? = 0
configure:6461: gcc -o conftest -g -O2   conftest.c conftstm.o >&5
configure:6464: $? = 0
configure:6502: result: ok
configure:6539: checking for sysroot
configure:6569: result: no
configure:6646: gcc -c -g -O2  conftest.c >&5
configure:6649: $? = 0
configure:6825: checking for mt
configure:6841: found /bin/mt
configure:6852: result: mt
configure:6875: checking if mt is a manifest tool
configure:6881: mt '-?'
configure:6889: result: no
configure:7531: checking how to run the C preprocessor
configure:7562: gcc -E  conftest.c
configure:7562: $? = 0
configure:7576: gcc -E  conftest.c
conftest.c:11:28: fatal error: ac_nonexistent.h: No such file or directory
compilation terminated.
configure:7576: $? = 1
configure: failed program was:
| /* confdefs.h */
| #define PACKAGE_NAME "palletAndTruckViewer"
| #define PACKAGE_TARNAME "palletandtruckviewer"
| #define PACKAGE_VERSION "3.0"
| #define PACKAGE_STRING "palletAndTruckViewer 3.0"
| #define PACKAGE_BUGREPORT ""
| #define PACKAGE_URL ""
| #define PACKAGE "palletandtruckviewer"
| #define VERSION "3.0"
| /* end confdefs.h.  */
| #include <ac_nonexistent.h>
configure:7601: result: gcc -E
configure:7621: gcc -E  conftest.c
configure:7621: $? = 0
configure:7635: gcc -E  conftest.c
conftest.c:11:28: fatal error: ac_nonexistent.h: No such file or directory
compilation terminated.
configure:7635: $? = 1
configure: failed program was:
| /* confdefs.h */
| #define PACKAGE_NAME "palletAndTruckViewer"
| #define PACKAGE_TARNAME "palletandtruckviewer"
| #define PACKAGE_VERSION "3.0"
| #define PACKAGE_STRING "palletAndTruckViewer 3.0"
| #define PACKAGE_BUGREPORT ""
| #define PACKAGE_URL ""
| #define PACKAGE "palletandtruckviewer"
| #define VERSION "3.0"
| /* end confdefs.h.  */
| #include <ac_nonexistent.h>
configure:7664: checking for ANSI C header files
configure:7684: gcc -c -g -O2  conftest.c >&5
configure:7684: $? = 0
configure:7757: gcc -o conftest -g -O2   conftest.c  >&5
configure:7757: $? = 0
configure:7757: ./conftest
configure:7757: $? = 0
configure:7768: result: yes
configure:7781: checking for sys/types.h
configure:7781: gcc -c -g -O2  conftest.c >&5
configure:7781: $? = 0
configure:7781: result: yes
configure:7781: checking for sys/stat.h
configure:7781: gcc -c -g -O2  conftest.c >&5
configure:7781: $? = 0
configure:7781: result: yes
configure:7781: checking for stdlib.h
configure:7781: gcc -c -g -O2  conftest.c >&5
configure:7781: $? = 0
configure:7781: result: yes
configure:7781: checking for string.h
configure:7781: gcc -c -g -O2  conftest.c >&5
configure:7781: $? = 0
configure:7781: result: yes
configure:7781: checking for memory.h
configure:7781: gcc -c -g -O2  conftest.c >&5
configure:7781: $? = 0
configure:7781: result: yes
configure:7781: checking for strings.h
configure:7781: gcc -c -g -O2  conftest.c >&5
configure:7781: $? = 0
configure:7781: result: yes
configure:7781: checking for inttypes.h
configure:7781: gcc -c -g -O2  conftest.c >&5
configure:7781: $? = 0
configure:7781: result: yes
configure:7781: checking for stdint.h
configure:7781: gcc -c -g -O2  conftest.c >&5
configure:7781: $? = 0
configure:7781: result: yes
configure:7781: checking for unistd.h
configure:7781: gcc -c -g -O2  conftest.c >&5
configure:7781: $? = 0
configure:7781: result: yes
configure:7795: checking for dlfcn.h
configure:7795: gcc -c -g -O2  conftest.c >&5
configure:7795: $? = 0
configure:7795: result: yes
configure:8012: checking for objdir
configure:8027: result: .libs
configure:8294: checking if gcc supports -fno-rtti -fno-exceptions
configure:8312: gcc -c -g -O2  -fno-rtti -fno-exceptions conftest.c >&5
cc1: warning: command line option '-fno-rtti' is valid for C++/ObjC++ but not for C [enabled by default]
configure:8316: $? = 0
configure:8329: result: no
configure:8656: checking for gcc option to produce PIC
configure:8663: result: -fPIC -DPIC
configure:8671: checking if gcc PIC flag -fPIC -DPIC works
configure:8689: gcc -c -g -O2  -fPIC -DPIC -DPIC conftest.c >&5
configure:8693: $? = 0
configure:8706: result: yes
configure:8735: checking if gcc static flag -static works
configure:8763: result: yes
configure:8778: checking if gcc supports -c -o file.o
configure:8799: gcc -c -g -O2  -o out/conftest2.o conftest.c >&5
configure:8803: $? = 0
configure:8825: result: yes
configure:8833: checking if gcc supports -c -o file.o
configure:8880: result: yes
configure:8913: checking whether the gcc linker (/usr/bin/ld -m elf_x86_64) supports shared libraries
configure:10070: result: yes
configure:10107: checking whether -lc should be explicitly linked in
configure:10115: gcc -c -g -O2  conftest.c >&5
configure:10118: $? = 0
configure:10133: gcc -shared  -fPIC -DPIC conftest.o  -v -Wl,-soname -Wl,conftest -o conftest 2\>\&1 \| /bin/grep  -lc  \>/dev/null 2\>\&1
configure:10136: $? = 0
configure:10150: result: no
configure:10310: checking dynamic linker characteristics
configure:10821: gcc -o conftest -g -O2   -Wl,-rpath -Wl,/foo conftest.c  >&5
configure:10821: $? = 0
configure:11055: result: GNU/Linux ld.so
configure:11162: checking how to hardcode library paths into programs
configure:11187: result: immediate
configure:11727: checking whether stripping libraries is possible
configure:11732: result: yes
configure:11767: checking if libtool supports shared libraries
configure:11769: result: yes
configure:11772: checking whether to build shared libraries
configure:11793: result: yes
configure:11796: checking whether to build static libraries
configure:11800: result: yes
configure:11823: checking how to run the C++ preprocessor
configure:11850: g++ -E  conftest.cpp
configure:11850: $? = 0
configure:11864: g++ -E  conftest.cpp
conftest.cpp:23:28: fatal error: ac_nonexistent.h: No such file or directory
compilation terminated.
configure:11864: $? = 1
configure: failed program was:
| /* confdefs.h */
| #define PACKAGE_NAME "palletAndTruckViewer"
| #define PACKAGE_TARNAME "palletandtruckviewer"
| #define PACKAGE_VERSION "3.0"
| #define PACKAGE_STRING "palletAndTruckViewer 3.0"
| #define PACKAGE_BUGREPORT ""
| #define PACKAGE_URL ""
| #define PACKAGE "palletandtruckviewer"
| #define VERSION "3.0"
| #define STDC_HEADERS 1
| #define HAVE_SYS_TYPES_H 1
| #define HAVE_SYS_STAT_H 1
| #define HAVE_STDLIB_H 1
| #define HAVE_STRING_H 1
| #define HAVE_MEMORY_H 1
| #define HAVE_STRINGS_H 1
| #define HAVE_INTTYPES_H 1
| #define HAVE_STDINT_H 1
| #define HAVE_UNISTD_H 1
| #define HAVE_DLFCN_H 1
| #define LT_OBJDIR ".libs/"
| /* end confdefs.h.  */
| #include <ac_nonexistent.h>
configure:11889: result: g++ -E
configure:11909: g++ -E  conftest.cpp
configure:11909: $? = 0
configure:11923: g++ -E  conftest.cpp
conftest.cpp:23:28: fatal error: ac_nonexistent.h: No such file or directory
compilation terminated.
configure:11923: $? = 1
configure: failed program was:
| /* confdefs.h */
| #define PACKAGE_NAME "palletAndTruckViewer"
| #define PACKAGE_TARNAME "palletandtruckviewer"
| #define PACKAGE_VERSION "3.0"
| #define PACKAGE_STRING "palletAndTruckViewer 3.0"
| #define PACKAGE_BUGREPORT ""
| #define PACKAGE_URL ""
| #define PACKAGE "palletandtruckviewer"
| #define VERSION "3.0"
| #define STDC_HEADERS 1
| #define HAVE_SYS_TYPES_H 1
| #define HAVE_SYS_STAT_H 1
| #define HAVE_STDLIB_H 1
| #define HAVE_STRING_H 1
| #define HAVE_MEMORY_H 1
| #define HAVE_STRINGS_H 1
| #define HAVE_INTTYPES_H 1
| #define HAVE_STDINT_H 1
| #define HAVE_UNISTD_H 1
| #define HAVE_DLFCN_H 1
| #define LT_OBJDIR ".libs/"
| /* end confdefs.h.  */
| #include <ac_nonexistent.h>
configure:12092: checking for ld used by g++
configure:12159: result: /usr/bin/ld -m elf_x86_64
configure:12166: checking if the linker (/usr/bin/ld -m elf_x86_64) is GNU ld
configure:12181: result: yes
configure:12236: checking whether the g++ linker (/usr/bin/ld -m elf_x86_64) supports shared libraries
configure:13241: result: yes
configure:13277: g++ -c -g -O2  conftest.cpp >&5
configure:13280: $? = 0
configure:13800: checking for g++ option to produce PIC
configure:13807: result: -fPIC -DPIC
configure:13815: checking if g++ PIC flag -fPIC -DPIC works
configure:13833: g++ -c -g -O2  -fPIC -DPIC -DPIC conftest.cpp >&5
configure:13837: $? = 0
configure:13850: result: yes
configure:13873: checking if g++ static flag -static works
configure:13901: result: yes
configure:13913: checking if g++ supports -c -o file.o
configure:13934: g++ -c -g -O2  -o out/conftest2.o conftest.cpp >&5
configure:13938: $? = 0
configure:13960: result: yes
configure:13965: checking if g++ supports -c -o file.o
configure:14012: result: yes
configure:14042: checking whether the g++ linker (/usr/bin/ld -m elf_x86_64) supports shared libraries
configure:14081: result: yes
configure:14222: checking dynamic linker characteristics
configure:14901: result: GNU/Linux ld.so
configure:14954: checking how to hardcode library paths into programs
configure:14979: result: immediate
configure:15042: checking for ANSI C header files
configure:15146: result: yes
configure:15156: checking for X
configure:15264: gcc -E  conftest.c
configure:15264: $? = 0
configure:15295: gcc -o conftest -g -O2   conftest.c -lX11  >&5
configure:15295: $? = 0
configure:15345: result: libraries , headers 
configure:15444: gcc -o conftest -g -O2   conftest.c   -lX11 >&5
configure:15444: $? = 0
configure:15542: checking for gethostbyname
configure:15542: gcc -o conftest -g -O2   conftest.c  >&5
configure:15542: $? = 0
configure:15542: result: yes
configure:15639: checking for connect
configure:15639: gcc -o conftest -g -O2   conftest.c  >&5
configure:15639: $? = 0
configure:15639: result: yes
configure:15688: checking for remove
configure:15688: gcc -o conftest -g -O2   conftest.c  >&5
configure:15688: $? = 0
configure:15688: result: yes
configure:15737: checking for shmat
configure:15737: gcc -o conftest -g -O2   conftest.c  >&5
configure:15737: $? = 0
configure:15737: result: yes
configure:15795: checking for IceConnectionNumber in -lICE
configure:15820: gcc -o conftest -g -O2   conftest.c -lICE   >&5
configure:15820: $? = 0
configure:15829: result: yes
configure:16006: checking for the pthreads library -lpthreads
configure:16044: gcc -o conftest -g -O2    conftest.c -lpthreads  >&5
/usr/bin/ld: cannot find -lpthreads
collect2: error: ld returned 1 exit status
configure:16044: $? = 1
configure: failed program was:
| /* confdefs.h */
| #define PACKAGE_NAME "palletAndTruckViewer"
| #define PACKAGE_TARNAME "palletandtruckviewer"
| #define PACKAGE_VERSION "3.0"
| #define PACKAGE_STRING "palletAndTruckViewer 3.0"
| #define PACKAGE_BUGREPORT ""
| #define PACKAGE_URL ""
| #define PACKAGE "palletandtruckviewer"
| #define VERSION "3.0"
| #define STDC_HEADERS 1
| #define HAVE_SYS_TYPES_H 1
| #define HAVE_SYS_STAT_H 1
| #define HAVE_STDLIB_H 1
| #define HAVE_STRING_H 1
| #define HAVE_MEMORY_H 1
| #define HAVE_STRINGS_H 1
| #define HAVE_INTTYPES_H 1
| #define HAVE_STDINT_H 1
| #define HAVE_UNISTD_H 1
| #define HAVE_DLFCN_H 1
| #define LT_OBJDIR ".libs/"
| #define STDC_HEADERS 1
| /* end confdefs.h.  */
| #include <pthread.h>
| 	             static void routine(void* a) {a=0;}
| 	             static void* start_routine(void* a) {return a;}
| int
| main ()
| {
| pthread_t th; pthread_attr_t attr;
|                      pthread_join(th, 0);
|                      pthread_attr_init(&attr);
|                      pthread_cleanup_push(routine, 0);
|                      pthread_create(&th,0,start_routine,0);
|                      pthread_cleanup_pop(0);
|   ;
|   return 0;
| }
configure:16053: result: no
configure:15951: checking whether pthreads work without any flags
configure:16044: gcc -o conftest -g -O2    conftest.c   >&5
/tmp/ccMfOv5I.o: In function `main':
/home/ryan/sisyphus/palletandtruckviewer-3.0/conftest.c:31: undefined reference to `pthread_join'
/home/ryan/sisyphus/palletandtruckviewer-3.0/conftest.c:33: undefined reference to `__pthread_register_cancel'
/home/ryan/sisyphus/palletandtruckviewer-3.0/conftest.c:34: undefined reference to `pthread_create'
/home/ryan/sisyphus/palletandtruckviewer-3.0/conftest.c:35: undefined reference to `__pthread_unregister_cancel'
collect2: error: ld returned 1 exit status
configure:16044: $? = 1
configure: failed program was:
| /* confdefs.h */
| #define PACKAGE_NAME "palletAndTruckViewer"
| #define PACKAGE_TARNAME "palletandtruckviewer"
| #define PACKAGE_VERSION "3.0"
| #define PACKAGE_STRING "palletAndTruckViewer 3.0"
| #define PACKAGE_BUGREPORT ""
| #define PACKAGE_URL ""
| #define PACKAGE "palletandtruckviewer"
| #define VERSION "3.0"
| #define STDC_HEADERS 1
| #define HAVE_SYS_TYPES_H 1
| #define HAVE_SYS_STAT_H 1
| #define HAVE_STDLIB_H 1
| #define HAVE_STRING_H 1
| #define HAVE_MEMORY_H 1
| #define HAVE_STRINGS_H 1
| #define HAVE_INTTYPES_H 1
| #define HAVE_STDINT_H 1
| #define HAVE_UNISTD_H 1
| #define HAVE_DLFCN_H 1
| #define LT_OBJDIR ".libs/"
| #define STDC_HEADERS 1
| /* end confdefs.h.  */
| #include <pthread.h>
| 	             static void routine(void* a) {a=0;}
| 	             static void* start_routine(void* a) {return a;}
| int
| main ()
| {
| pthread_t th; pthread_attr_t attr;
|                      pthread_join(th, 0);
|                      pthread_attr_init(&attr);
|                      pthread_cleanup_push(routine, 0);
|                      pthread_create(&th,0,start_routine,0);
|                      pthread_cleanup_pop(0);
|   ;
|   return 0;
| }
configure:16053: result: no
configure:15956: checking whether pthreads work with -Kthread
configure:16044: gcc -o conftest -g -O2 -Kthread   conftest.c   >&5
gcc: error: unrecognized command line option '-Kthread'
configure:16044: $? = 1
configure: failed program was:
| /* confdefs.h */
| #define PACKAGE_NAME "palletAndTruckViewer"
| #define PACKAGE_TARNAME "palletandtruckviewer"
| #define PACKAGE_VERSION "3.0"
| #define PACKAGE_STRING "palletAndTruckViewer 3.0"
| #define PACKAGE_BUGREPORT ""
| #define PACKAGE_URL ""
| #define PACKAGE "palletandtruckviewer"
| #define VERSION "3.0"
| #define STDC_HEADERS 1
| #define HAVE_SYS_TYPES_H 1
| #define HAVE_SYS_STAT_H 1
| #define HAVE_STDLIB_H 1
| #define HAVE_STRING_H 1
| #define HAVE_MEMORY_H 1
| #define HAVE_STRINGS_H 1
| #define HAVE_INTTYPES_H 1
| #define HAVE_STDINT_H 1
| #define HAVE_UNISTD_H 1
| #define HAVE_DLFCN_H 1
| #define LT_OBJDIR ".libs/"
| #define STDC_HEADERS 1
| /* end confdefs.h.  */
| #include <pthread.h>
| 	             static void routine(void* a) {a=0;}
| 	             static void* start_routine(void* a) {return a;}
| int
| main ()
| {
| pthread_t th; pthread_attr_t attr;
|                      pthread_join(th, 0);
|                      pthread_attr_init(&attr);
|                      pthread_cleanup_push(routine, 0);
|                      pthread_create(&th,0,start_routine,0);
|                      pthread_cleanup_pop(0);
|   ;
|   return 0;
| }
configure:16053: result: no
configure:15956: checking whether pthreads work with -kthread
configure:16044: gcc -o conftest -g -O2 -kthread   conftest.c   >&5
gcc: error: unrecognized command line option '-kthread'
configure:16044: $? = 1
configure: failed program was:
| /* confdefs.h */
| #define PACKAGE_NAME "palletAndTruckViewer"
| #define PACKAGE_TARNAME "palletandtruckviewer"
| #define PACKAGE_VERSION "3.0"
| #define PACKAGE_STRING "palletAndTruckViewer 3.0"
| #define PACKAGE_BUGREPORT ""
| #define PACKAGE_URL ""
| #define PACKAGE "palletandtruckviewer"
| #define VERSION "3.0"
| #define STDC_HEADERS 1
| #define HAVE_SYS_TYPES_H 1
| #define HAVE_SYS_STAT_H 1
| #define HAVE_STDLIB_H 1
| #define HAVE_STRING_H 1
| #define HAVE_MEMORY_H 1
| #define HAVE_STRINGS_H 1
| #define HAVE_INTTYPES_H 1
| #define HAVE_STDINT_H 1
| #define HAVE_UNISTD_H 1
| #define HAVE_DLFCN_H 1
| #define LT_OBJDIR ".libs/"
| #define STDC_HEADERS 1
| /* end confdefs.h.  */
| #include <pthread.h>
| 	             static void routine(void* a) {a=0;}
| 	             static void* start_routine(void* a) {return a;}
| int
| main ()
| {
| pthread_t th; pthread_attr_t attr;
|                      pthread_join(th, 0);
|                      pthread_attr_init(&attr);
|                      pthread_cleanup_push(routine, 0);
|                      pthread_create(&th,0,start_routine,0);
|                      pthread_cleanup_pop(0);
|   ;
|   return 0;
| }
configure:16053: result: no
configure:16006: checking for the pthreads library -llthread
configure:16044: gcc -o conftest -g -O2    conftest.c -llthread  >&5
/usr/bin/ld: cannot find -llthread
collect2: error: ld returned 1 exit status
configure:16044: $? = 1
configure: failed program was:
| /* confdefs.h */
| #define PACKAGE_NAME "palletAndTruckViewer"
| #define PACKAGE_TARNAME "palletandtruckviewer"
| #define PACKAGE_VERSION "3.0"
| #define PACKAGE_STRING "palletAndTruckViewer 3.0"
| #define PACKAGE_BUGREPORT ""
| #define PACKAGE_URL ""
| #define PACKAGE "palletandtruckviewer"
| #define VERSION "3.0"
| #define STDC_HEADERS 1
| #define HAVE_SYS_TYPES_H 1
| #define HAVE_SYS_STAT_H 1
| #define HAVE_STDLIB_H 1
| #define HAVE_STRING_H 1
| #define HAVE_MEMORY_H 1
| #define HAVE_STRINGS_H 1
| #define HAVE_INTTYPES_H 1
| #define HAVE_STDINT_H 1
| #define HAVE_UNISTD_H 1
| #define HAVE_DLFCN_H 1
| #define LT_OBJDIR ".libs/"
| #define STDC_HEADERS 1
| /* end confdefs.h.  */
| #include <pthread.h>
| 	             static void routine(void* a) {a=0;}
| 	             static void* start_routine(void* a) {return a;}
| int
| main ()
| {
| pthread_t th; pthread_attr_t attr;
|                      pthread_join(th, 0);
|                      pthread_attr_init(&attr);
|                      pthread_cleanup_push(routine, 0);
|                      pthread_create(&th,0,start_routine,0);
|                      pthread_cleanup_pop(0);
|   ;
|   return 0;
| }
configure:16053: result: no
configure:15956: checking whether pthreads work with -pthread
configure:16044: gcc -o conftest -g -O2 -pthread   conftest.c   >&5
configure:16044: $? = 0
configure:16053: result: yes
configure:16072: checking for joinable pthread attribute
configure:16087: gcc -o conftest -g -O2 -pthread   conftest.c   >&5
configure:16087: $? = 0
configure:16093: result: PTHREAD_CREATE_JOINABLE
configure:16103: checking if more special flags are required for pthreads
configure:16110: result: no
configure:16219: checking GL/gl.h usability
configure:16219: gcc -c -g -O2   conftest.c >&5
configure:16219: $? = 0
configure:16219: result: yes
configure:16219: checking GL/gl.h presence
configure:16219: gcc -E   conftest.c
configure:16219: $? = 0
configure:16219: result: yes
configure:16219: checking for GL/gl.h
configure:16219: result: yes
configure:16219: checking OpenGL/gl.h usability
configure:16219: gcc -c -g -O2   conftest.c >&5
conftest.c:59:23: fatal error: OpenGL/gl.h: No such file or directory
compilation terminated.
configure:16219: $? = 1
configure: failed program was:
| /* confdefs.h */
| #define PACKAGE_NAME "palletAndTruckViewer"
| #define PACKAGE_TARNAME "palletandtruckviewer"
| #define PACKAGE_VERSION "3.0"
| #define PACKAGE_STRING "palletAndTruckViewer 3.0"
| #define PACKAGE_BUGREPORT ""
| #define PACKAGE_URL ""
| #define PACKAGE "palletandtruckviewer"
| #define VERSION "3.0"
| #define STDC_HEADERS 1
| #define HAVE_SYS_TYPES_H 1
| #define HAVE_SYS_STAT_H 1
| #define HAVE_STDLIB_H 1
| #define HAVE_STRING_H 1
| #define HAVE_MEMORY_H 1
| #define HAVE_STRINGS_H 1
| #define HAVE_INTTYPES_H 1
| #define HAVE_STDINT_H 1
| #define HAVE_UNISTD_H 1
| #define HAVE_DLFCN_H 1
| #define LT_OBJDIR ".libs/"
| #define STDC_HEADERS 1
| #define HAVE_PTHREAD 1
| #define HAVE_GL_GL_H 1
| /* end confdefs.h.  */
| #include <stdio.h>
| #ifdef HAVE_SYS_TYPES_H
| # include <sys/types.h>
| #endif
| #ifdef HAVE_SYS_STAT_H
| # include <sys/stat.h>
| #endif
| #ifdef STDC_HEADERS
| # include <stdlib.h>
| # include <stddef.h>
| #else
| # ifdef HAVE_STDLIB_H
| #  include <stdlib.h>
| # endif
| #endif
| #ifdef HAVE_STRING_H
| # if !defined STDC_HEADERS && defined HAVE_MEMORY_H
| #  include <memory.h>
| # endif
| # include <string.h>
| #endif
| #ifdef HAVE_STRINGS_H
| # include <strings.h>
| #endif
| #ifdef HAVE_INTTYPES_H
| # include <inttypes.h>
| #endif
| #ifdef HAVE_STDINT_H
| # include <stdint.h>
| #endif
| #ifdef HAVE_UNISTD_H
| # include <unistd.h>
| #endif
| #include <OpenGL/gl.h>
configure:16219: result: no
configure:16219: checking OpenGL/gl.h presence
configure:16219: gcc -E   conftest.c
conftest.c:26:23: fatal error: OpenGL/gl.h: No such file or directory
compilation terminated.
configure:16219: $? = 1
configure: failed program was:
| /* confdefs.h */
| #define PACKAGE_NAME "palletAndTruckViewer"
| #define PACKAGE_TARNAME "palletandtruckviewer"
| #define PACKAGE_VERSION "3.0"
| #define PACKAGE_STRING "palletAndTruckViewer 3.0"
| #define PACKAGE_BUGREPORT ""
| #define PACKAGE_URL ""
| #define PACKAGE "palletandtruckviewer"
| #define VERSION "3.0"
| #define STDC_HEADERS 1
| #define HAVE_SYS_TYPES_H 1
| #define HAVE_SYS_STAT_H 1
| #define HAVE_STDLIB_H 1
| #define HAVE_STRING_H 1
| #define HAVE_MEMORY_H 1
| #define HAVE_STRINGS_H 1
| #define HAVE_INTTYPES_H 1
| #define HAVE_STDINT_H 1
| #define HAVE_UNISTD_H 1
| #define HAVE_DLFCN_H 1
| #define LT_OBJDIR ".libs/"
| #define STDC_HEADERS 1
| #define HAVE_PTHREAD 1
| #define HAVE_GL_GL_H 1
| /* end confdefs.h.  */
| #include <OpenGL/gl.h>
configure:16219: result: no
configure:16219: checking for OpenGL/gl.h
configure:16219: result: no
configure:16233: checking windows.h usability
configure:16233: gcc -c -g -O2  conftest.c >&5
conftest.c:59:21: fatal error: windows.h: No such file or directory
compilation terminated.
configure:16233: $? = 1
configure: failed program was:
| /* confdefs.h */
| #define PACKAGE_NAME "palletAndTruckViewer"
| #define PACKAGE_TARNAME "palletandtruckviewer"
| #define PACKAGE_VERSION "3.0"
| #define PACKAGE_STRING "palletAndTruckViewer 3.0"
| #define PACKAGE_BUGREPORT ""
| #define PACKAGE_URL ""
| #define PACKAGE "palletandtruckviewer"
| #define VERSION "3.0"
| #define STDC_HEADERS 1
| #define HAVE_SYS_TYPES_H 1
| #define HAVE_SYS_STAT_H 1
| #define HAVE_STDLIB_H 1
| #define HAVE_STRING_H 1
| #define HAVE_MEMORY_H 1
| #define HAVE_STRINGS_H 1
| #define HAVE_INTTYPES_H 1
| #define HAVE_STDINT_H 1
| #define HAVE_UNISTD_H 1
| #define HAVE_DLFCN_H 1
| #define LT_OBJDIR ".libs/"
| #define STDC_HEADERS 1
| #define HAVE_PTHREAD 1
| #define HAVE_GL_GL_H 1
| /* end confdefs.h.  */
| #include <stdio.h>
| #ifdef HAVE_SYS_TYPES_H
| # include <sys/types.h>
| #endif
| #ifdef HAVE_SYS_STAT_H
| # include <sys/stat.h>
| #endif
| #ifdef STDC_HEADERS
| # include <stdlib.h>
| # include <stddef.h>
| #else
| # ifdef HAVE_STDLIB_H
| #  include <stdlib.h>
| # endif
| #endif
| #ifdef HAVE_STRING_H
| # if !defined STDC_HEADERS && defined HAVE_MEMORY_H
| #  include <memory.h>
| # endif
| # include <string.h>
| #endif
| #ifdef HAVE_STRINGS_H
| # include <strings.h>
| #endif
| #ifdef HAVE_INTTYPES_H
| # include <inttypes.h>
| #endif
| #ifdef HAVE_STDINT_H
| # include <stdint.h>
| #endif
| #ifdef HAVE_UNISTD_H
| # include <unistd.h>
| #endif
| #include <windows.h>
configure:16233: result: no
configure:16233: checking windows.h presence
configure:16233: gcc -E  conftest.c
conftest.c:26:21: fatal error: windows.h: No such file or directory
compilation terminated.
configure:16233: $? = 1
configure: failed program was:
| /* confdefs.h */
| #define PACKAGE_NAME "palletAndTruckViewer"
| #define PACKAGE_TARNAME "palletandtruckviewer"
| #define PACKAGE_VERSION "3.0"
| #define PACKAGE_STRING "palletAndTruckViewer 3.0"
| #define PACKAGE_BUGREPORT ""
| #define PACKAGE_URL ""
| #define PACKAGE "palletandtruckviewer"
| #define VERSION "3.0"
| #define STDC_HEADERS 1
| #define HAVE_SYS_TYPES_H 1
| #define HAVE_SYS_STAT_H 1
| #define HAVE_STDLIB_H 1
| #define HAVE_STRING_H 1
| #define HAVE_MEMORY_H 1
| #define HAVE_STRINGS_H 1
| #define HAVE_INTTYPES_H 1
| #define HAVE_STDINT_H 1
| #define HAVE_UNISTD_H 1
| #define HAVE_DLFCN_H 1
| #define LT_OBJDIR ".libs/"
| #define STDC_HEADERS 1
| #define HAVE_PTHREAD 1
| #define HAVE_GL_GL_H 1
| /* end confdefs.h.  */
| #include <windows.h>
configure:16233: result: no
configure:16233: checking for windows.h
configure:16233: result: no
configure:16246: checking for OpenGL library
configure:16289: gcc -o conftest -g -O2    conftest.c -lopengl32   >&5
/usr/bin/ld: cannot find -lopengl32
collect2: error: ld returned 1 exit status
configure:16289: $? = 1
configure: failed program was:
| /* confdefs.h */
| #define PACKAGE_NAME "palletAndTruckViewer"
| #define PACKAGE_TARNAME "palletandtruckviewer"
| #define PACKAGE_VERSION "3.0"
| #define PACKAGE_STRING "palletAndTruckViewer 3.0"
| #define PACKAGE_BUGREPORT ""
| #define PACKAGE_URL ""
| #define PACKAGE "palletandtruckviewer"
| #define VERSION "3.0"
| #define STDC_HEADERS 1
| #define HAVE_SYS_TYPES_H 1
| #define HAVE_SYS_STAT_H 1
| #define HAVE_STDLIB_H 1
| #define HAVE_STRING_H 1
| #define HAVE_MEMORY_H 1
| #define HAVE_STRINGS_H 1
| #define HAVE_INTTYPES_H 1
| #define HAVE_STDINT_H 1
| #define HAVE_UNISTD_H 1
| #define HAVE_DLFCN_H 1
| #define LT_OBJDIR ".libs/"
| #define STDC_HEADERS 1
| #define HAVE_PTHREAD 1
| #define HAVE_GL_GL_H 1
| /* end confdefs.h.  */
| 
| # if defined(HAVE_WINDOWS_H) && defined(_WIN32)
| #   include <windows.h>
| # endif
| # ifdef HAVE_GL_GL_H
| #   include <GL/gl.h>
| # elif defined(HAVE_OPENGL_GL_H)
| #   include <OpenGL/gl.h>
| # else
| #   error no gl.h
| # endif
| int
| main ()
| {
| glBegin(0)
|   ;
|   return 0;
| }
configure:16314: gcc -o conftest -g -O2    conftest.c -lopengl32 -L/usr/lib64/nvidia   >&5
/usr/bin/ld: cannot find -lopengl32
collect2: error: ld returned 1 exit status
configure:16314: $? = 1
configure: failed program was:
| /* confdefs.h */
| #define PACKAGE_NAME "palletAndTruckViewer"
| #define PACKAGE_TARNAME "palletandtruckviewer"
| #define PACKAGE_VERSION "3.0"
| #define PACKAGE_STRING "palletAndTruckViewer 3.0"
| #define PACKAGE_BUGREPORT ""
| #define PACKAGE_URL ""
| #define PACKAGE "palletandtruckviewer"
| #define VERSION "3.0"
| #define STDC_HEADERS 1
| #define HAVE_SYS_TYPES_H 1
| #define HAVE_SYS_STAT_H 1
| #define HAVE_STDLIB_H 1
| #define HAVE_STRING_H 1
| #define HAVE_MEMORY_H 1
| #define HAVE_STRINGS_H 1
| #define HAVE_INTTYPES_H 1
| #define HAVE_STDINT_H 1
| #define HAVE_UNISTD_H 1
| #define HAVE_DLFCN_H 1
| #define LT_OBJDIR ".libs/"
| #define STDC_HEADERS 1
| #define HAVE_PTHREAD 1
| #define HAVE_GL_GL_H 1
| /* end confdefs.h.  */
| 
| # if defined(HAVE_WINDOWS_H) && defined(_WIN32)
| #   include <windows.h>
| # endif
| # ifdef HAVE_GL_GL_H
| #   include <GL/gl.h>
| # elif defined(HAVE_OPENGL_GL_H)
| #   include <OpenGL/gl.h>
| # else
| #   error no gl.h
| # endif
| int
| main ()
| {
| glBegin(0)
|   ;
|   return 0;
| }
configure:16339: gcc -o conftest -g -O2    conftest.c -lopengl32 -dylib_file /System/Library/Frameworks/OpenGL.framework/Versions/A/Libraries/libGL.dylib:/System/Library/Frameworks/OpenGL.framework/Versions/A/Libraries/libGL.dylib   >&5
gcc: error: /System/Library/Frameworks/OpenGL.framework/Versions/A/Libraries/libGL.dylib:/System/Library/Frameworks/OpenGL.framework/Versions/A/Libraries/libGL.dylib: No such file or directory
configure:16339: $? = 1
configure: failed program was:
| /* confdefs.h */
| #define PACKAGE_NAME "palletAndTruckViewer"
| #define PACKAGE_TARNAME "palletandtruckviewer"
| #define PACKAGE_VERSION "3.0"
| #define PACKAGE_STRING "palletAndTruckViewer 3.0"
| #define PACKAGE_BUGREPORT ""
| #define PACKAGE_URL ""
| #define PACKAGE "palletandtruckviewer"
| #define VERSION "3.0"
| #define STDC_HEADERS 1
| #define HAVE_SYS_TYPES_H 1
| #define HAVE_SYS_STAT_H 1
| #define HAVE_STDLIB_H 1
| #define HAVE_STRING_H 1
| #define HAVE_MEMORY_H 1
| #define HAVE_STRINGS_H 1
| #define HAVE_INTTYPES_H 1
| #define HAVE_STDINT_H 1
| #define HAVE_UNISTD_H 1
| #define HAVE_DLFCN_H 1
| #define LT_OBJDIR ".libs/"
| #define STDC_HEADERS 1
| #define HAVE_PTHREAD 1
| #define HAVE_GL_GL_H 1
| /* end confdefs.h.  */
| 
| # if defined(HAVE_WINDOWS_H) && defined(_WIN32)
| #   include <windows.h>
| # endif
| # ifdef HAVE_GL_GL_H
| #   include <GL/gl.h>
| # elif defined(HAVE_OPENGL_GL_H)
| #   include <OpenGL/gl.h>
| # else
| #   error no gl.h
| # endif
| int
| main ()
| {
| glBegin(0)
|   ;
|   return 0;
| }
configure:16289: gcc -o conftest -g -O2    conftest.c -lGL   >&5
configure:16289: $? = 0
configure:16385: result: -lGL
configure:16418: checking GL/glu.h usability
configure:16418: gcc -c -g -O2   conftest.c >&5
configure:16418: $? = 0
configure:16418: result: yes
configure:16418: checking GL/glu.h presence
configure:16418: gcc -E   conftest.c
configure:16418: $? = 0
configure:16418: result: yes
configure:16418: checking for GL/glu.h
configure:16418: result: yes
configure:16418: checking OpenGL/glu.h usability
configure:16418: gcc -c -g -O2   conftest.c >&5
conftest.c:60:24: fatal error: OpenGL/glu.h: No such file or directory
compilation terminated.
configure:16418: $? = 1
configure: failed program was:
| /* confdefs.h */
| #define PACKAGE_NAME "palletAndTruckViewer"
| #define PACKAGE_TARNAME "palletandtruckviewer"
| #define PACKAGE_VERSION "3.0"
| #define PACKAGE_STRING "palletAndTruckViewer 3.0"
| #define PACKAGE_BUGREPORT ""
| #define PACKAGE_URL ""
| #define PACKAGE "palletandtruckviewer"
| #define VERSION "3.0"
| #define STDC_HEADERS 1
| #define HAVE_SYS_TYPES_H 1
| #define HAVE_SYS_STAT_H 1
| #define HAVE_STDLIB_H 1
| #define HAVE_STRING_H 1
| #define HAVE_MEMORY_H 1
| #define HAVE_STRINGS_H 1
| #define HAVE_INTTYPES_H 1
| #define HAVE_STDINT_H 1
| #define HAVE_UNISTD_H 1
| #define HAVE_DLFCN_H 1
| #define LT_OBJDIR ".libs/"
| #define STDC_HEADERS 1
| #define HAVE_PTHREAD 1
| #define HAVE_GL_GL_H 1
| #define HAVE_GL_GLU_H 1
| /* end confdefs.h.  */
| #include <stdio.h>
| #ifdef HAVE_SYS_TYPES_H
| # include <sys/types.h>
| #endif
| #ifdef HAVE_SYS_STAT_H
| # include <sys/stat.h>
| #endif
| #ifdef STDC_HEADERS
| # include <stdlib.h>
| # include <stddef.h>
| #else
| # ifdef HAVE_STDLIB_H
| #  include <stdlib.h>
| # endif
| #endif
| #ifdef HAVE_STRING_H
| # if !defined STDC_HEADERS && defined HAVE_MEMORY_H
| #  include <memory.h>
| # endif
| # include <string.h>
| #endif
| #ifdef HAVE_STRINGS_H
| # include <strings.h>
| #endif
| #ifdef HAVE_INTTYPES_H
| # include <inttypes.h>
| #endif
| #ifdef HAVE_STDINT_H
| # include <stdint.h>
| #endif
| #ifdef HAVE_UNISTD_H
| # include <unistd.h>
| #endif
| #include <OpenGL/glu.h>
configure:16418: result: no
configure:16418: checking OpenGL/glu.h presence
configure:16418: gcc -E   conftest.c
conftest.c:27:24: fatal error: OpenGL/glu.h: No such file or directory
compilation terminated.
configure:16418: $? = 1
configure: failed program was:
| /* confdefs.h */
| #define PACKAGE_NAME "palletAndTruckViewer"
| #define PACKAGE_TARNAME "palletandtruckviewer"
| #define PACKAGE_VERSION "3.0"
| #define PACKAGE_STRING "palletAndTruckViewer 3.0"
| #define PACKAGE_BUGREPORT ""
| #define PACKAGE_URL ""
| #define PACKAGE "palletandtruckviewer"
| #define VERSION "3.0"
| #define STDC_HEADERS 1
| #define HAVE_SYS_TYPES_H 1
| #define HAVE_SYS_STAT_H 1
| #define HAVE_STDLIB_H 1
| #define HAVE_STRING_H 1
| #define HAVE_MEMORY_H 1
| #define HAVE_STRINGS_H 1
| #define HAVE_INTTYPES_H 1
| #define HAVE_STDINT_H 1
| #define HAVE_UNISTD_H 1
| #define HAVE_DLFCN_H 1
| #define LT_OBJDIR ".libs/"
| #define STDC_HEADERS 1
| #define HAVE_PTHREAD 1
| #define HAVE_GL_GL_H 1
| #define HAVE_GL_GLU_H 1
| /* end confdefs.h.  */
| #include <OpenGL/glu.h>
configure:16418: result: no
configure:16418: checking for OpenGL/glu.h
configure:16418: result: no
configure:16432: checking for OpenGL Utility library
configure:16488: g++ -o conftest -g -O2    conftest.cpp -lGL   >&5
/tmp/ccg81EHO.o: In function `main':
/home/ryan/sisyphus/palletandtruckviewer-3.0/conftest.cpp:42: undefined reference to `gluBeginCurve'
collect2: error: ld returned 1 exit status
configure:16488: $? = 1
configure: failed program was:
| /* confdefs.h */
| #define PACKAGE_NAME "palletAndTruckViewer"
| #define PACKAGE_TARNAME "palletandtruckviewer"
| #define PACKAGE_VERSION "3.0"
| #define PACKAGE_STRING "palletAndTruckViewer 3.0"
| #define PACKAGE_BUGREPORT ""
| #define PACKAGE_URL ""
| #define PACKAGE "palletandtruckviewer"
| #define VERSION "3.0"
| #define STDC_HEADERS 1
| #define HAVE_SYS_TYPES_H 1
| #define HAVE_SYS_STAT_H 1
| #define HAVE_STDLIB_H 1
| #define HAVE_STRING_H 1
| #define HAVE_MEMORY_H 1
| #define HAVE_STRINGS_H 1
| #define HAVE_INTTYPES_H 1
| #define HAVE_STDINT_H 1
| #define HAVE_UNISTD_H 1
| #define HAVE_DLFCN_H 1
| #define LT_OBJDIR ".libs/"
| #define STDC_HEADERS 1
| #define HAVE_PTHREAD 1
| #define HAVE_GL_GL_H 1
| #define HAVE_GL_GLU_H 1
| /* end confdefs.h.  */
| 
| # if defined(HAVE_WINDOWS_H) && defined(_WIN32)
| #   include <windows.h>
| # endif
| # ifdef HAVE_GL_GLU_H
| #   include <GL/glu.h>
| # elif defined(HAVE_OPENGL_GLU_H)
| #   include <OpenGL/glu.h>
| # else
| #   error no glu.h
| # endif
| int
| main ()
| {
| gluBeginCurve(0)
|   ;
|   return 0;
| }
configure:16521: g++ -o conftest -g -O2    conftest.cpp -lglu32 -lGL   >&5
/usr/bin/ld: cannot find -lglu32
collect2: error: ld returned 1 exit status
configure:16521: $? = 1
configure: failed program was:
| /* confdefs.h */
| #define PACKAGE_NAME "palletAndTruckViewer"
| #define PACKAGE_TARNAME "palletandtruckviewer"
| #define PACKAGE_VERSION "3.0"
| #define PACKAGE_STRING "palletAndTruckViewer 3.0"
| #define PACKAGE_BUGREPORT ""
| #define PACKAGE_URL ""
| #define PACKAGE "palletandtruckviewer"
| #define VERSION "3.0"
| #define STDC_HEADERS 1
| #define HAVE_SYS_TYPES_H 1
| #define HAVE_SYS_STAT_H 1
| #define HAVE_STDLIB_H 1
| #define HAVE_STRING_H 1
| #define HAVE_MEMORY_H 1
| #define HAVE_STRINGS_H 1
| #define HAVE_INTTYPES_H 1
| #define HAVE_STDINT_H 1
| #define HAVE_UNISTD_H 1
| #define HAVE_DLFCN_H 1
| #define LT_OBJDIR ".libs/"
| #define STDC_HEADERS 1
| #define HAVE_PTHREAD 1
| #define HAVE_GL_GL_H 1
| #define HAVE_GL_GLU_H 1
| /* end confdefs.h.  */
| 
| # if defined(HAVE_WINDOWS_H) && defined(_WIN32)
| #   include <windows.h>
| # endif
| # ifdef HAVE_GL_GLU_H
| #   include <GL/glu.h>
| # elif defined(HAVE_OPENGL_GLU_H)
| #   include <OpenGL/glu.h>
| # else
| #   error no glu.h
| # endif
| int
| main ()
| {
| gluBeginCurve(0)
|   ;
|   return 0;
| }
configure:16521: g++ -o conftest -g -O2    conftest.cpp -lGLU -lGL   >&5
configure:16521: $? = 0
configure:16549: result: -lGLU
configure:16576: checking for varargs GLU tesselator callback function type
configure:16600: gcc -c  -g -O2  conftest.c >&5
conftest.c: In function 'main':
conftest.c:36:16: error: ISO C requires a named argument before '...'
configure:16600: $? = 1
configure: failed program was:
| /* confdefs.h */
| #define PACKAGE_NAME "palletAndTruckViewer"
| #define PACKAGE_TARNAME "palletandtruckviewer"
| #define PACKAGE_VERSION "3.0"
| #define PACKAGE_STRING "palletAndTruckViewer 3.0"
| #define PACKAGE_BUGREPORT ""
| #define PACKAGE_URL ""
| #define PACKAGE "palletandtruckviewer"
| #define VERSION "3.0"
| #define STDC_HEADERS 1
| #define HAVE_SYS_TYPES_H 1
| #define HAVE_SYS_STAT_H 1
| #define HAVE_STDLIB_H 1
| #define HAVE_STRING_H 1
| #define HAVE_MEMORY_H 1
| #define HAVE_STRINGS_H 1
| #define HAVE_INTTYPES_H 1
| #define HAVE_STDINT_H 1
| #define HAVE_UNISTD_H 1
| #define HAVE_DLFCN_H 1
| #define LT_OBJDIR ".libs/"
| #define STDC_HEADERS 1
| #define HAVE_PTHREAD 1
| #define HAVE_GL_GL_H 1
| #define HAVE_GL_GLU_H 1
| /* end confdefs.h.  */
| 
| # ifdef HAVE_GL_GLU_H
| #   include <GL/glu.h>
| # else
| #   include <OpenGL/glu.h>
| # endif
| int
| main ()
| {
| GLvoid (*func)(...); gluTessCallback(0, 0, func)
|   ;
|   return 0;
| }
configure:16606: result: no
configure:16621: checking GL/glut.h usability
configure:16621: gcc -c -g -O2   conftest.c >&5
configure:16621: $? = 0
configure:16621: result: yes
configure:16621: checking GL/glut.h presence
configure:16621: gcc -E   conftest.c
configure:16621: $? = 0
configure:16621: result: yes
configure:16621: checking for GL/glut.h
configure:16621: result: yes
configure:16621: checking GLUT/glut.h usability
configure:16621: gcc -c -g -O2   conftest.c >&5
conftest.c:61:23: fatal error: GLUT/glut.h: No such file or directory
compilation terminated.
configure:16621: $? = 1
configure: failed program was:
| /* confdefs.h */
| #define PACKAGE_NAME "palletAndTruckViewer"
| #define PACKAGE_TARNAME "palletandtruckviewer"
| #define PACKAGE_VERSION "3.0"
| #define PACKAGE_STRING "palletAndTruckViewer 3.0"
| #define PACKAGE_BUGREPORT ""
| #define PACKAGE_URL ""
| #define PACKAGE "palletandtruckviewer"
| #define VERSION "3.0"
| #define STDC_HEADERS 1
| #define HAVE_SYS_TYPES_H 1
| #define HAVE_SYS_STAT_H 1
| #define HAVE_STDLIB_H 1
| #define HAVE_STRING_H 1
| #define HAVE_MEMORY_H 1
| #define HAVE_STRINGS_H 1
| #define HAVE_INTTYPES_H 1
| #define HAVE_STDINT_H 1
| #define HAVE_UNISTD_H 1
| #define HAVE_DLFCN_H 1
| #define LT_OBJDIR ".libs/"
| #define STDC_HEADERS 1
| #define HAVE_PTHREAD 1
| #define HAVE_GL_GL_H 1
| #define HAVE_GL_GLU_H 1
| #define HAVE_GL_GLUT_H 1
| /* end confdefs.h.  */
| #include <stdio.h>
| #ifdef HAVE_SYS_TYPES_H
| # include <sys/types.h>
| #endif
| #ifdef HAVE_SYS_STAT_H
| # include <sys/stat.h>
| #endif
| #ifdef STDC_HEADERS
| # include <stdlib.h>
| # include <stddef.h>
| #else
| # ifdef HAVE_STDLIB_H
| #  include <stdlib.h>
| # endif
| #endif
| #ifdef HAVE_STRING_H
| # if !defined STDC_HEADERS && defined HAVE_MEMORY_H
| #  include <memory.h>
| # endif
| # include <string.h>
| #endif
| #ifdef HAVE_STRINGS_H
| # include <strings.h>
| #endif
| #ifdef HAVE_INTTYPES_H
| # include <inttypes.h>
| #endif
| #ifdef HAVE_STDINT_H
| # include <stdint.h>
| #endif
| #ifdef HAVE_UNISTD_H
| # include <unistd.h>
| #endif
| #include <GLUT/glut.h>
configure:16621: result: no
configure:16621: checking GLUT/glut.h presence
configure:16621: gcc -E   conftest.c
conftest.c:28:23: fatal error: GLUT/glut.h: No such file or directory
compilation terminated.
configure:16621: $? = 1
configure: failed program was:
| /* confdefs.h */
| #define PACKAGE_NAME "palletAndTruckViewer"
| #define PACKAGE_TARNAME "palletandtruckviewer"
| #define PACKAGE_VERSION "3.0"
| #define PACKAGE_STRING "palletAndTruckViewer 3.0"
| #define PACKAGE_BUGREPORT ""
| #define PACKAGE_URL ""
| #define PACKAGE "palletandtruckviewer"
| #define VERSION "3.0"
| #define STDC_HEADERS 1
| #define HAVE_SYS_TYPES_H 1
| #define HAVE_SYS_STAT_H 1
| #define HAVE_STDLIB_H 1
| #define HAVE_STRING_H 1
| #define HAVE_MEMORY_H 1
| #define HAVE_STRINGS_H 1
| #define HAVE_INTTYPES_H 1
| #define HAVE_STDINT_H 1
| #define HAVE_UNISTD_H 1
| #define HAVE_DLFCN_H 1
| #define LT_OBJDIR ".libs/"
| #define STDC_HEADERS 1
| #define HAVE_PTHREAD 1
| #define HAVE_GL_GL_H 1
| #define HAVE_GL_GLU_H 1
| #define HAVE_GL_GLUT_H 1
| /* end confdefs.h.  */
| #include <GLUT/glut.h>
configure:16621: result: no
configure:16621: checking for GLUT/glut.h
configure:16621: result: no
configure:16645: checking for GLUT library
configure:16690: gcc -o conftest -g -O2    conftest.c -lglut32  -lSM -lICE -lXmu -lXi  -lGLU -lGL   >&5
/usr/bin/ld: cannot find -lglut32
/usr/bin/ld: cannot find -lXmu
/usr/bin/ld: cannot find -lXi
collect2: error: ld returned 1 exit status
configure:16690: $? = 1
configure: failed program was:
| /* confdefs.h */
| #define PACKAGE_NAME "palletAndTruckViewer"
| #define PACKAGE_TARNAME "palletandtruckviewer"
| #define PACKAGE_VERSION "3.0"
| #define PACKAGE_STRING "palletAndTruckViewer 3.0"
| #define PACKAGE_BUGREPORT ""
| #define PACKAGE_URL ""
| #define PACKAGE "palletandtruckviewer"
| #define VERSION "3.0"
| #define STDC_HEADERS 1
| #define HAVE_SYS_TYPES_H 1
| #define HAVE_SYS_STAT_H 1
| #define HAVE_STDLIB_H 1
| #define HAVE_STRING_H 1
| #define HAVE_MEMORY_H 1
| #define HAVE_STRINGS_H 1
| #define HAVE_INTTYPES_H 1
| #define HAVE_STDINT_H 1
| #define HAVE_UNISTD_H 1
| #define HAVE_DLFCN_H 1
| #define LT_OBJDIR ".libs/"
| #define STDC_HEADERS 1
| #define HAVE_PTHREAD 1
| #define HAVE_GL_GL_H 1
| #define HAVE_GL_GLU_H 1
| #define HAVE_GL_GLUT_H 1
| /* end confdefs.h.  */
| 
| # if HAVE_WINDOWS_H && defined(_WIN32)
| #   include <windows.h>
| # endif
| # ifdef HAVE_GL_GLUT_H
| #   include <GL/glut.h>
| # elif defined(HAVE_GLUT_GLUT_H)
| #   include <GLUT/glut.h>
| # else
| #   error no glut.h
| # endif
| int
| main ()
| {
| glutMainLoop()
|   ;
|   return 0;
| }
configure:16690: gcc -o conftest -g -O2    conftest.c -lglut  -lSM -lICE -lXmu -lXi  -lGLU -lGL   >&5
/usr/bin/ld: cannot find -lXmu
/usr/bin/ld: cannot find -lXi
collect2: error: ld returned 1 exit status
configure:16690: $? = 1
configure: failed program was:
| /* confdefs.h */
| #define PACKAGE_NAME "palletAndTruckViewer"
| #define PACKAGE_TARNAME "palletandtruckviewer"
| #define PACKAGE_VERSION "3.0"
| #define PACKAGE_STRING "palletAndTruckViewer 3.0"
| #define PACKAGE_BUGREPORT ""
| #define PACKAGE_URL ""
| #define PACKAGE "palletandtruckviewer"
| #define VERSION "3.0"
| #define STDC_HEADERS 1
| #define HAVE_SYS_TYPES_H 1
| #define HAVE_SYS_STAT_H 1
| #define HAVE_STDLIB_H 1
| #define HAVE_STRING_H 1
| #define HAVE_MEMORY_H 1
| #define HAVE_STRINGS_H 1
| #define HAVE_INTTYPES_H 1
| #define HAVE_STDINT_H 1
| #define HAVE_UNISTD_H 1
| #define HAVE_DLFCN_H 1
| #define LT_OBJDIR ".libs/"
| #define STDC_HEADERS 1
| #define HAVE_PTHREAD 1
| #define HAVE_GL_GL_H 1
| #define HAVE_GL_GLU_H 1
| #define HAVE_GL_GLUT_H 1
| /* end confdefs.h.  */
| 
| # if HAVE_WINDOWS_H && defined(_WIN32)
| #   include <windows.h>
| # endif
| # ifdef HAVE_GL_GLUT_H
| #   include <GL/glut.h>
| # elif defined(HAVE_GLUT_GLUT_H)
| #   include <GLUT/glut.h>
| # else
| #   error no glut.h
| # endif
| int
| main ()
| {
| glutMainLoop()
|   ;
|   return 0;
| }
configure:16736: result: no
configure:16906: creating ./config.status

## ---------------------- ##
## Running config.status. ##
## ---------------------- ##

This file was extended by palletAndTruckViewer config.status 3.0, which was
generated by GNU Autoconf 2.69.  Invocation command line was

  CONFIG_FILES    = 
  CONFIG_HEADERS  = 
  CONFIG_LINKS    = 
  CONFIG_COMMANDS = 
  $ ./config.status 

on ryan-mint

config.status:1165: creating Makefile
config.status:1165: creating ./config.h
config.status:1346: ./config.h is unchanged
config.status:1394: executing depfiles commands
config.status:1394: executing libtool commands

## ---------------- ##
## Cache variables. ##
## ---------------- ##

ac_cv_build=x86_64-unknown-linux-gnu
ac_cv_c_compiler_gnu=yes
ac_cv_cxx_compiler_gnu=yes
ac_cv_env_CCC_set=
ac_cv_env_CCC_value=
ac_cv_env_CC_set=
ac_cv_env_CC_value=
ac_cv_env_CFLAGS_set=
ac_cv_env_CFLAGS_value=
ac_cv_env_CPPFLAGS_set=
ac_cv_env_CPPFLAGS_value=
ac_cv_env_CPP_set=
ac_cv_env_CPP_value=
ac_cv_env_CXXCPP_set=
ac_cv_env_CXXCPP_value=
ac_cv_env_CXXFLAGS_set=
ac_cv_env_CXXFLAGS_value=
ac_cv_env_CXX_set=
ac_cv_env_CXX_value=
ac_cv_env_LDFLAGS_set=
ac_cv_env_LDFLAGS_value=
ac_cv_env_LIBS_set=
ac_cv_env_LIBS_value=
ac_cv_env_XMKMF_set=
ac_cv_env_XMKMF_value=
ac_cv_env_build_alias_set=
ac_cv_env_build_alias_value=
ac_cv_env_host_alias_set=
ac_cv_env_host_alias_value=
ac_cv_env_target_alias_set=
ac_cv_env_target_alias_value=
ac_cv_func_connect=yes
ac_cv_func_gethostbyname=yes
ac_cv_func_remove=yes
ac_cv_func_shmat=yes
ac_cv_have_x='have_x=yes	ac_x_includes='\'''\''	ac_x_libraries='\'''\'''
ac_cv_header_GLUT_glut_h=no
ac_cv_header_GL_gl_h=yes
ac_cv_header_GL_glu_h=yes
ac_cv_header_GL_glut_h=yes
ac_cv_header_OpenGL_gl_h=no
ac_cv_header_OpenGL_glu_h=no
ac_cv_header_dlfcn_h=yes
ac_cv_header_inttypes_h=yes
ac_cv_header_memory_h=yes
ac_cv_header_stdc=yes
ac_cv_header_stdint_h=yes
ac_cv_header_stdlib_h=yes
ac_cv_header_string_h=yes
ac_cv_header_strings_h=yes
ac_cv_header_sys_stat_h=yes
ac_cv_header_sys_types_h=yes
ac_cv_header_unistd_h=yes
ac_cv_header_windows_h=no
ac_cv_host=x86_64-unknown-linux-gnu
ac_cv_lib_ICE_IceConnectionNumber=yes
ac_cv_objext=o
ac_cv_path_EGREP='/bin/grep -E'
ac_cv_path_FGREP='/bin/grep -F'
ac_cv_path_GREP=/bin/grep
ac_cv_path_SED=/bin/sed
ac_cv_path_install='/usr/bin/install -c'
ac_cv_path_mkdir=/bin/mkdir
ac_cv_prog_AWK=gawk
ac_cv_prog_CPP='gcc -E'
ac_cv_prog_CXXCPP='g++ -E'
ac_cv_prog_ac_ct_AR=ar
ac_cv_prog_ac_ct_CC=gcc
ac_cv_prog_ac_ct_CXX=g++
ac_cv_prog_ac_ct_MANIFEST_TOOL=mt
ac_cv_prog_ac_ct_OBJDUMP=objdump
ac_cv_prog_ac_ct_RANLIB=ranlib
ac_cv_prog_ac_ct_STRIP=strip
ac_cv_prog_cc_c89=
ac_cv_prog_cc_g=yes
ac_cv_prog_cxx_g=yes
ac_cv_prog_make_make_set=yes
am_cv_CC_dependencies_compiler_type=gcc3
am_cv_CXX_dependencies_compiler_type=gcc3
ax_cv_check_gl_libgl=-lGL
ax_cv_check_glu_libglu=-lGLU
ax_cv_check_glut_libglut=no
ax_cv_varargs_glu_tesscb=no
lt_cv_ar_at_file=@
lt_cv_archive_cmds_need_lc=no
lt_cv_deplibs_check_method=pass_all
lt_cv_file_magic_cmd='$MAGIC_CMD'
lt_cv_file_magic_test_file=
lt_cv_ld_reload_flag=-r
lt_cv_nm_interface='BSD nm'
lt_cv_objdir=.libs
lt_cv_path_LD=/usr/bin/ld
lt_cv_path_LDCXX='/usr/bin/ld -m elf_x86_64'
lt_cv_path_NM='/usr/bin/nm -B'
lt_cv_path_mainfest_tool=no
lt_cv_prog_compiler_c_o=yes
lt_cv_prog_compiler_c_o_CXX=yes
lt_cv_prog_compiler_pic='-fPIC -DPIC'
lt_cv_prog_compiler_pic_CXX='-fPIC -DPIC'
lt_cv_prog_compiler_pic_works=yes
lt_cv_prog_compiler_pic_works_CXX=yes
lt_cv_prog_compiler_rtti_exceptions=no
lt_cv_prog_compiler_static_works=yes
lt_cv_prog_compiler_static_works_CXX=yes
lt_cv_prog_gnu_ld=yes
lt_cv_prog_gnu_ldcxx=yes
lt_cv_sharedlib_from_linklib_cmd='printf %s\n'
lt_cv_shlibpath_overrides_runpath=no
lt_cv_sys_global_symbol_pipe='sed -n -e '\''s/^.*[	 ]\([ABCDGIRSTW][ABCDGIRSTW]*\)[	 ][	 ]*\([_A-Za-z][_A-Za-z0-9]*\)$/\1 \2 \2/p'\'' | sed '\''/ __gnu_lto/d'\'''
lt_cv_sys_global_symbol_to_c_name_address='sed -n -e '\''s/^: \([^ ]*\)[ ]*$/  {\"\1\", (void *) 0},/p'\'' -e '\''s/^[ABCDGIRSTW]* \([^ ]*\) \([^ ]*\)$/  {"\2", (void *) \&\2},/p'\'''
lt_cv_sys_global_symbol_to_c_name_address_lib_prefix='sed -n -e '\''s/^: \([^ ]*\)[ ]*$/  {\"\1\", (void *) 0},/p'\'' -e '\''s/^[ABCDGIRSTW]* \([^ ]*\) \(lib[^ ]*\)$/  {"\2", (void *) \&\2},/p'\'' -e '\''s/^[ABCDGIRSTW]* \([^ ]*\) \([^ ]*\)$/  {"lib\2", (void *) \&\2},/p'\'''
lt_cv_sys_global_symbol_to_cdecl='sed -n -e '\''s/^T .* \(.*\)$/extern int \1();/p'\'' -e '\''s/^[ABCDGIRSTW]* .* \(.*\)$/extern char \1;/p'\'''
lt_cv_sys_max_cmd_len=1572864
lt_cv_to_host_file_cmd=func_convert_file_noop
lt_cv_to_tool_file_cmd=func_convert_file_noop

## ----------------- ##
## Output variables. ##
## ----------------- ##

ACLOCAL='${SHELL} /home/ryan/sisyphus/palletandtruckviewer-3.0/missing --run aclocal-1.11'
AMDEPBACKSLASH='\'
AMDEP_FALSE='#'
AMDEP_TRUE=''
AMTAR='$${TAR-tar}'
AR='ar'
AUTOCONF='${SHELL} /home/ryan/sisyphus/palletandtruckviewer-3.0/missing --run autoconf'
AUTOHEADER='${SHELL} /home/ryan/sisyphus/palletandtruckviewer-3.0/missing --run autoheader'
AUTOMAKE='${SHELL} /home/ryan/sisyphus/palletandtruckviewer-3.0/missing --run automake-1.11'
AWK='gawk'
CC='gcc'
CCDEPMODE='depmode=gcc3'
CFLAGS='-g -O2'
CPP='gcc -E'
CPPFLAGS=''
CXX='g++'
CXXCPP='g++ -E'
CXXDEPMODE='depmode=gcc3'
CXXFLAGS='-g -O2'
CYGPATH_W='echo'
DEFS='-DHAVE_CONFIG_H'
DEPDIR='.deps'
DLLTOOL='false'
DSYMUTIL=''
DUMPBIN=''
ECHO_C=''
ECHO_N='-n'
ECHO_T=''
EGREP='/bin/grep -E'
EXEEXT=''
FGREP='/bin/grep -F'
GLUT_CFLAGS=''
GLUT_LIBS=''
GLU_CFLAGS=''
GLU_LIBS='-lGLU -lGL '
GL_CFLAGS=''
GL_LIBS='-lGL '
GREP='/bin/grep'
HAVE_GLUT_FALSE=''
HAVE_GLUT_TRUE='#'
HAVE_GLU_FALSE='#'
HAVE_GLU_TRUE=''
HAVE_GL_FALSE='#'
HAVE_GL_TRUE=''
INSTALL_DATA='${INSTALL} -m 644'
INSTALL_PROGRAM='${INSTALL}'
INSTALL_SCRIPT='${INSTALL}'
INSTALL_STRIP_PROGRAM='$(install_sh) -c -s'
LD='/usr/bin/ld -m elf_x86_64'
LDFLAGS=''
LIBOBJS=''
LIBS=''
LIBTOOL='$(SHELL) $(top_builddir)/libtool'
LIPO=''
LN_S='ln -s'
LTLIBOBJS=''
MAKEINFO='${SHELL} /home/ryan/sisyphus/palletandtruckviewer-3.0/missing --run makeinfo'
MANIFEST_TOOL=':'
MKDIR_P='/bin/mkdir -p'
NM='/usr/bin/nm -B'
NMEDIT=''
OBJDUMP='objdump'
OBJEXT='o'
OTOOL64=''
OTOOL=''
PACKAGE='palletandtruckviewer'
PACKAGE_BUGREPORT=''
PACKAGE_NAME='palletAndTruckViewer'
PACKAGE_STRING='palletAndTruckViewer 3.0'
PACKAGE_TARNAME='palletandtruckviewer'
PACKAGE_URL=''
PACKAGE_VERSION='3.0'
PATH_SEPARATOR=':'
PTHREAD_CC='gcc'
PTHREAD_CFLAGS='-pthread'
PTHREAD_LIBS=''
RANLIB='ranlib'
SED='/bin/sed'
SET_MAKE=''
SHELL='/bin/bash'
STRIP='strip'
VERSION='3.0'
XMKMF=''
X_CFLAGS=''
X_EXTRA_LIBS=''
X_LIBS=''
X_PRE_LIBS=' -lSM -lICE'
ac_ct_AR='ar'
ac_ct_CC='gcc'
ac_ct_CXX='g++'
ac_ct_DUMPBIN=''
am__EXEEXT_FALSE=''
am__EXEEXT_TRUE='#'
am__fastdepCC_FALSE='#'
am__fastdepCC_TRUE=''
am__fastdepCXX_FALSE='#'
am__fastdepCXX_TRUE=''
am__include='include'
am__isrc=''
am__leading_dot='.'
am__nodep='_no'
am__quote=''
am__tar='$${TAR-tar} chof - "$$tardir"'
am__untar='$${TAR-tar} xf -'
ax_pthread_config=''
bindir='${exec_prefix}/bin'
build='x86_64-unknown-linux-gnu'
build_alias=''
build_cpu='x86_64'
build_os='linux-gnu'
build_vendor='unknown'
datadir='${datarootdir}'
datarootdir='${prefix}/share'
docdir='${datarootdir}/doc/${PACKAGE_TARNAME}'
dvidir='${docdir}'
exec_prefix='${prefix}'
host='x86_64-unknown-linux-gnu'
host_alias=''
host_cpu='x86_64'
host_os='linux-gnu'
host_vendor='unknown'
htmldir='${docdir}'
includedir='${prefix}/include'
infodir='${datarootdir}/info'
install_sh='${SHELL} /home/ryan/sisyphus/palletandtruckviewer-3.0/install-sh'
libdir='${exec_prefix}/lib'
libexecdir='${exec_prefix}/libexec'
localedir='${datarootdir}/locale'
localstatedir='${prefix}/var'
mandir='${datarootdir}/man'
mkdir_p='/bin/mkdir -p'
oldincludedir='/usr/include'
pdfdir='${docdir}'
prefix='/usr/local'
program_transform_name='s,x,x,'
psdir='${docdir}'
sbindir='${exec_prefix}/sbin'
sharedstatedir='${prefix}/com'
sysconfdir='${prefix}/etc'
target_alias=''

## ----------- ##
## confdefs.h. ##
## ----------- ##

/* confdefs.h */
#define PACKAGE_NAME "palletAndTruckViewer"
#define PACKAGE_TARNAME "palletandtruckviewer"
#define PACKAGE_VERSION "3.0"
#define PACKAGE_STRING "palletAndTruckViewer 3.0"
#define PACKAGE_BUGREPORT ""
#define PACKAGE_URL ""
#define PACKAGE "palletandtruckviewer"
#define VERSION "3.0"
#define STDC_HEADERS 1
#define HAVE_SYS_TYPES_H 1
#define HAVE_SYS_STAT_H 1
#define HAVE_STDLIB_H 1
#define HAVE_STRING_H 1
#define HAVE_MEMORY_H 1
#define HAVE_STRINGS_H 1
#define HAVE_INTTYPES_H 1
#define HAVE_STDINT_H 1
#define HAVE_UNISTD_H 1
#define HAVE_DLFCN_H 1
#define LT_OBJDIR ".libs/"
#define STDC_HEADERS 1
#define HAVE_PTHREAD 1
#define HAVE_GL_GL_H 1
#define HAVE_GL_GLU_H 1
#define HAVE_GL_GLUT_H 1

configure: exit 0
